{"C:\\Users\\Venu\\calculator\\backend\\scripts\\ConversionCalculator.js": {"path":"C:\\Users\\Venu\\calculator\\backend\\scripts\\ConversionCalculator.js","statementMap":{"0":{"start":{"line":1,"column":29},"end":{"line":1,"column":79}},"1":{"start":{"line":2,"column":25},"end":{"line":2,"column":69}},"2":{"start":{"line":3,"column":20},"end":{"line":3,"column":57}},"3":{"start":{"line":4,"column":21},"end":{"line":4,"column":59}},"4":{"start":{"line":5,"column":25},"end":{"line":5,"column":69}},"5":{"start":{"line":6,"column":23},"end":{"line":6,"column":65}},"6":{"start":{"line":8,"column":24},"end":{"line":52,"column":1}},"7":{"start":{"line":54,"column":27},"end":{"line":66,"column":1}},"8":{"start":{"line":68,"column":24},"end":{"line":89,"column":1}},"9":{"start":{"line":69,"column":20},"end":{"line":69,"column":42}},"10":{"start":{"line":70,"column":19},"end":{"line":70,"column":36}},"11":{"start":{"line":71,"column":17},"end":{"line":71,"column":35}},"12":{"start":{"line":72,"column":25},"end":{"line":72,"column":58}},"13":{"start":{"line":73,"column":17},"end":{"line":73,"column":43}},"14":{"start":{"line":74,"column":2},"end":{"line":74,"column":32}},"15":{"start":{"line":76,"column":2},"end":{"line":81,"column":5}},"16":{"start":{"line":77,"column":19},"end":{"line":77,"column":31}},"17":{"start":{"line":78,"column":27},"end":{"line":78,"column":60}},"18":{"start":{"line":79,"column":19},"end":{"line":79,"column":45}},"19":{"start":{"line":80,"column":4},"end":{"line":80,"column":75}},"20":{"start":{"line":82,"column":2},"end":{"line":88,"column":19}},"21":{"start":{"line":87,"column":28},"end":{"line":87,"column":50}},"22":{"start":{"line":90,"column":0},"end":{"line":90,"column":56}},"23":{"start":{"line":91,"column":0},"end":{"line":91,"column":57}},"24":{"start":{"line":92,"column":0},"end":{"line":92,"column":60}},"25":{"start":{"line":95,"column":23},"end":{"line":95,"column":65}},"26":{"start":{"line":96,"column":21},"end":{"line":96,"column":61}},"27":{"start":{"line":97,"column":18},"end":{"line":97,"column":53}},"28":{"start":{"line":98,"column":19},"end":{"line":98,"column":55}},"29":{"start":{"line":99,"column":24},"end":{"line":99,"column":75}},"30":{"start":{"line":100,"column":19},"end":{"line":100,"column":64}},"31":{"start":{"line":102,"column":18},"end":{"line":114,"column":1}},"32":{"start":{"line":116,"column":25},"end":{"line":120,"column":1}},"33":{"start":{"line":122,"column":22},"end":{"line":143,"column":1}},"34":{"start":{"line":123,"column":20},"end":{"line":123,"column":40}},"35":{"start":{"line":124,"column":19},"end":{"line":124,"column":34}},"36":{"start":{"line":125,"column":17},"end":{"line":125,"column":33}},"37":{"start":{"line":126,"column":25},"end":{"line":126,"column":52}},"38":{"start":{"line":127,"column":17},"end":{"line":127,"column":43}},"39":{"start":{"line":128,"column":2},"end":{"line":128,"column":30}},"40":{"start":{"line":130,"column":2},"end":{"line":135,"column":5}},"41":{"start":{"line":131,"column":19},"end":{"line":131,"column":31}},"42":{"start":{"line":132,"column":27},"end":{"line":132,"column":54}},"43":{"start":{"line":133,"column":19},"end":{"line":133,"column":45}},"44":{"start":{"line":134,"column":4},"end":{"line":134,"column":73}},"45":{"start":{"line":136,"column":2},"end":{"line":142,"column":19}},"46":{"start":{"line":141,"column":28},"end":{"line":141,"column":50}},"47":{"start":{"line":145,"column":0},"end":{"line":145,"column":52}},"48":{"start":{"line":146,"column":0},"end":{"line":146,"column":53}},"49":{"start":{"line":147,"column":0},"end":{"line":147,"column":56}},"50":{"start":{"line":150,"column":24},"end":{"line":150,"column":68}},"51":{"start":{"line":151,"column":19},"end":{"line":151,"column":57}},"52":{"start":{"line":152,"column":17},"end":{"line":152,"column":52}},"53":{"start":{"line":153,"column":18},"end":{"line":153,"column":54}},"54":{"start":{"line":154,"column":22},"end":{"line":154,"column":64}},"55":{"start":{"line":155,"column":20},"end":{"line":155,"column":60}},"56":{"start":{"line":157,"column":18},"end":{"line":201,"column":1}},"57":{"start":{"line":203,"column":25},"end":{"line":215,"column":1}},"58":{"start":{"line":217,"column":22},"end":{"line":238,"column":1}},"59":{"start":{"line":218,"column":20},"end":{"line":218,"column":39}},"60":{"start":{"line":219,"column":19},"end":{"line":219,"column":33}},"61":{"start":{"line":220,"column":17},"end":{"line":220,"column":32}},"62":{"start":{"line":221,"column":25},"end":{"line":221,"column":52}},"63":{"start":{"line":222,"column":17},"end":{"line":222,"column":43}},"64":{"start":{"line":223,"column":2},"end":{"line":223,"column":29}},"65":{"start":{"line":225,"column":2},"end":{"line":230,"column":5}},"66":{"start":{"line":226,"column":19},"end":{"line":226,"column":31}},"67":{"start":{"line":227,"column":27},"end":{"line":227,"column":54}},"68":{"start":{"line":228,"column":19},"end":{"line":228,"column":45}},"69":{"start":{"line":229,"column":4},"end":{"line":229,"column":73}},"70":{"start":{"line":231,"column":2},"end":{"line":237,"column":19}},"71":{"start":{"line":236,"column":28},"end":{"line":236,"column":50}},"72":{"start":{"line":239,"column":0},"end":{"line":239,"column":51}},"73":{"start":{"line":240,"column":0},"end":{"line":240,"column":52}},"74":{"start":{"line":241,"column":0},"end":{"line":241,"column":55}},"75":{"start":{"line":244,"column":26},"end":{"line":244,"column":72}},"76":{"start":{"line":245,"column":21},"end":{"line":245,"column":61}},"77":{"start":{"line":246,"column":19},"end":{"line":246,"column":56}},"78":{"start":{"line":247,"column":20},"end":{"line":247,"column":58}},"79":{"start":{"line":248,"column":24},"end":{"line":248,"column":68}},"80":{"start":{"line":249,"column":22},"end":{"line":249,"column":64}},"81":{"start":{"line":251,"column":20},"end":{"line":343,"column":1}},"82":{"start":{"line":345,"column":27},"end":{"line":369,"column":1}},"83":{"start":{"line":371,"column":24},"end":{"line":392,"column":1}},"84":{"start":{"line":372,"column":20},"end":{"line":372,"column":41}},"85":{"start":{"line":373,"column":19},"end":{"line":373,"column":35}},"86":{"start":{"line":374,"column":17},"end":{"line":374,"column":34}},"87":{"start":{"line":375,"column":25},"end":{"line":375,"column":54}},"88":{"start":{"line":376,"column":17},"end":{"line":376,"column":43}},"89":{"start":{"line":377,"column":2},"end":{"line":377,"column":31}},"90":{"start":{"line":379,"column":2},"end":{"line":384,"column":5}},"91":{"start":{"line":380,"column":19},"end":{"line":380,"column":31}},"92":{"start":{"line":381,"column":27},"end":{"line":381,"column":56}},"93":{"start":{"line":382,"column":19},"end":{"line":382,"column":45}},"94":{"start":{"line":383,"column":4},"end":{"line":383,"column":75}},"95":{"start":{"line":385,"column":2},"end":{"line":391,"column":19}},"96":{"start":{"line":390,"column":28},"end":{"line":390,"column":50}},"97":{"start":{"line":393,"column":0},"end":{"line":393,"column":55}},"98":{"start":{"line":394,"column":0},"end":{"line":394,"column":56}},"99":{"start":{"line":395,"column":0},"end":{"line":395,"column":59}},"100":{"start":{"line":398,"column":26},"end":{"line":398,"column":72}},"101":{"start":{"line":399,"column":21},"end":{"line":399,"column":61}},"102":{"start":{"line":400,"column":19},"end":{"line":400,"column":56}},"103":{"start":{"line":401,"column":20},"end":{"line":401,"column":58}},"104":{"start":{"line":402,"column":24},"end":{"line":402,"column":68}},"105":{"start":{"line":403,"column":22},"end":{"line":403,"column":64}},"106":{"start":{"line":405,"column":20},"end":{"line":445,"column":1}},"107":{"start":{"line":447,"column":27},"end":{"line":458,"column":1}},"108":{"start":{"line":460,"column":24},"end":{"line":481,"column":1}},"109":{"start":{"line":461,"column":20},"end":{"line":461,"column":41}},"110":{"start":{"line":462,"column":19},"end":{"line":462,"column":35}},"111":{"start":{"line":463,"column":17},"end":{"line":463,"column":34}},"112":{"start":{"line":464,"column":25},"end":{"line":464,"column":54}},"113":{"start":{"line":465,"column":17},"end":{"line":465,"column":43}},"114":{"start":{"line":466,"column":2},"end":{"line":466,"column":31}},"115":{"start":{"line":468,"column":2},"end":{"line":473,"column":5}},"116":{"start":{"line":469,"column":19},"end":{"line":469,"column":31}},"117":{"start":{"line":470,"column":27},"end":{"line":470,"column":56}},"118":{"start":{"line":471,"column":19},"end":{"line":471,"column":45}},"119":{"start":{"line":472,"column":4},"end":{"line":472,"column":75}},"120":{"start":{"line":474,"column":2},"end":{"line":480,"column":19}},"121":{"start":{"line":479,"column":28},"end":{"line":479,"column":50}},"122":{"start":{"line":482,"column":0},"end":{"line":482,"column":55}},"123":{"start":{"line":483,"column":0},"end":{"line":483,"column":56}},"124":{"start":{"line":484,"column":0},"end":{"line":484,"column":59}},"125":{"start":{"line":486,"column":0},"end":{"line":492,"column":3}},"126":{"start":{"line":487,"column":2},"end":{"line":487,"column":20}},"127":{"start":{"line":488,"column":2},"end":{"line":488,"column":18}},"128":{"start":{"line":489,"column":2},"end":{"line":489,"column":18}},"129":{"start":{"line":490,"column":2},"end":{"line":490,"column":20}},"130":{"start":{"line":491,"column":2},"end":{"line":491,"column":20}}},"fnMap":{"0":{"name":"(anonymous_0)","decl":{"start":{"line":68,"column":24},"end":{"line":68,"column":25}},"loc":{"start":{"line":68,"column":30},"end":{"line":89,"column":1}},"line":68},"1":{"name":"(anonymous_1)","decl":{"start":{"line":76,"column":50},"end":{"line":76,"column":51}},"loc":{"start":{"line":76,"column":62},"end":{"line":81,"column":3}},"line":76},"2":{"name":"(anonymous_2)","decl":{"start":{"line":87,"column":4},"end":{"line":87,"column":5}},"loc":{"start":{"line":87,"column":28},"end":{"line":87,"column":50}},"line":87},"3":{"name":"(anonymous_3)","decl":{"start":{"line":122,"column":22},"end":{"line":122,"column":23}},"loc":{"start":{"line":122,"column":28},"end":{"line":143,"column":1}},"line":122},"4":{"name":"(anonymous_4)","decl":{"start":{"line":130,"column":48},"end":{"line":130,"column":49}},"loc":{"start":{"line":130,"column":60},"end":{"line":135,"column":3}},"line":130},"5":{"name":"(anonymous_5)","decl":{"start":{"line":141,"column":4},"end":{"line":141,"column":5}},"loc":{"start":{"line":141,"column":28},"end":{"line":141,"column":50}},"line":141},"6":{"name":"(anonymous_6)","decl":{"start":{"line":217,"column":22},"end":{"line":217,"column":23}},"loc":{"start":{"line":217,"column":28},"end":{"line":238,"column":1}},"line":217},"7":{"name":"(anonymous_7)","decl":{"start":{"line":225,"column":47},"end":{"line":225,"column":48}},"loc":{"start":{"line":225,"column":59},"end":{"line":230,"column":3}},"line":225},"8":{"name":"(anonymous_8)","decl":{"start":{"line":236,"column":4},"end":{"line":236,"column":5}},"loc":{"start":{"line":236,"column":28},"end":{"line":236,"column":50}},"line":236},"9":{"name":"(anonymous_9)","decl":{"start":{"line":371,"column":24},"end":{"line":371,"column":25}},"loc":{"start":{"line":371,"column":30},"end":{"line":392,"column":1}},"line":371},"10":{"name":"(anonymous_10)","decl":{"start":{"line":379,"column":49},"end":{"line":379,"column":50}},"loc":{"start":{"line":379,"column":61},"end":{"line":384,"column":3}},"line":379},"11":{"name":"(anonymous_11)","decl":{"start":{"line":390,"column":4},"end":{"line":390,"column":5}},"loc":{"start":{"line":390,"column":28},"end":{"line":390,"column":50}},"line":390},"12":{"name":"(anonymous_12)","decl":{"start":{"line":460,"column":24},"end":{"line":460,"column":25}},"loc":{"start":{"line":460,"column":30},"end":{"line":481,"column":1}},"line":460},"13":{"name":"(anonymous_13)","decl":{"start":{"line":468,"column":49},"end":{"line":468,"column":50}},"loc":{"start":{"line":468,"column":61},"end":{"line":473,"column":3}},"line":468},"14":{"name":"(anonymous_14)","decl":{"start":{"line":479,"column":4},"end":{"line":479,"column":5}},"loc":{"start":{"line":479,"column":28},"end":{"line":479,"column":50}},"line":479},"15":{"name":"(anonymous_15)","decl":{"start":{"line":486,"column":32},"end":{"line":486,"column":33}},"loc":{"start":{"line":486,"column":38},"end":{"line":492,"column":1}},"line":486}},"branchMap":{"0":{"loc":{"start":{"line":87,"column":28},"end":{"line":87,"column":50}},"type":"cond-expr","locations":[{"start":{"line":87,"column":33},"end":{"line":87,"column":35}},{"start":{"line":87,"column":38},"end":{"line":87,"column":50}}],"line":87},"1":{"loc":{"start":{"line":87,"column":38},"end":{"line":87,"column":50}},"type":"cond-expr","locations":[{"start":{"line":87,"column":43},"end":{"line":87,"column":45}},{"start":{"line":87,"column":48},"end":{"line":87,"column":50}}],"line":87},"2":{"loc":{"start":{"line":141,"column":28},"end":{"line":141,"column":50}},"type":"cond-expr","locations":[{"start":{"line":141,"column":33},"end":{"line":141,"column":35}},{"start":{"line":141,"column":38},"end":{"line":141,"column":50}}],"line":141},"3":{"loc":{"start":{"line":141,"column":38},"end":{"line":141,"column":50}},"type":"cond-expr","locations":[{"start":{"line":141,"column":43},"end":{"line":141,"column":45}},{"start":{"line":141,"column":48},"end":{"line":141,"column":50}}],"line":141},"4":{"loc":{"start":{"line":236,"column":28},"end":{"line":236,"column":50}},"type":"cond-expr","locations":[{"start":{"line":236,"column":33},"end":{"line":236,"column":35}},{"start":{"line":236,"column":38},"end":{"line":236,"column":50}}],"line":236},"5":{"loc":{"start":{"line":236,"column":38},"end":{"line":236,"column":50}},"type":"cond-expr","locations":[{"start":{"line":236,"column":43},"end":{"line":236,"column":45}},{"start":{"line":236,"column":48},"end":{"line":236,"column":50}}],"line":236},"6":{"loc":{"start":{"line":390,"column":28},"end":{"line":390,"column":50}},"type":"cond-expr","locations":[{"start":{"line":390,"column":33},"end":{"line":390,"column":35}},{"start":{"line":390,"column":38},"end":{"line":390,"column":50}}],"line":390},"7":{"loc":{"start":{"line":390,"column":38},"end":{"line":390,"column":50}},"type":"cond-expr","locations":[{"start":{"line":390,"column":43},"end":{"line":390,"column":45}},{"start":{"line":390,"column":48},"end":{"line":390,"column":50}}],"line":390},"8":{"loc":{"start":{"line":479,"column":28},"end":{"line":479,"column":50}},"type":"cond-expr","locations":[{"start":{"line":479,"column":33},"end":{"line":479,"column":35}},{"start":{"line":479,"column":38},"end":{"line":479,"column":50}}],"line":479},"9":{"loc":{"start":{"line":479,"column":38},"end":{"line":479,"column":50}},"type":"cond-expr","locations":[{"start":{"line":479,"column":43},"end":{"line":479,"column":45}},{"start":{"line":479,"column":48},"end":{"line":479,"column":50}}],"line":479}},"s":{"0":1,"1":1,"2":1,"3":1,"4":1,"5":1,"6":1,"7":1,"8":1,"9":0,"10":0,"11":0,"12":0,"13":0,"14":0,"15":0,"16":0,"17":0,"18":0,"19":0,"20":0,"21":0,"22":1,"23":1,"24":1,"25":0,"26":0,"27":0,"28":0,"29":0,"30":0,"31":0,"32":0,"33":0,"34":0,"35":0,"36":0,"37":0,"38":0,"39":0,"40":0,"41":0,"42":0,"43":0,"44":0,"45":0,"46":0,"47":0,"48":0,"49":0,"50":0,"51":0,"52":0,"53":0,"54":0,"55":0,"56":0,"57":0,"58":0,"59":0,"60":0,"61":0,"62":0,"63":0,"64":0,"65":0,"66":0,"67":0,"68":0,"69":0,"70":0,"71":0,"72":0,"73":0,"74":0,"75":0,"76":0,"77":0,"78":0,"79":0,"80":0,"81":0,"82":0,"83":0,"84":0,"85":0,"86":0,"87":0,"88":0,"89":0,"90":0,"91":0,"92":0,"93":0,"94":0,"95":0,"96":0,"97":0,"98":0,"99":0,"100":0,"101":0,"102":0,"103":0,"104":0,"105":0,"106":0,"107":0,"108":0,"109":0,"110":0,"111":0,"112":0,"113":0,"114":0,"115":0,"116":0,"117":0,"118":0,"119":0,"120":0,"121":0,"122":0,"123":0,"124":0,"125":0,"126":0,"127":0,"128":0,"129":0,"130":0},"f":{"0":0,"1":0,"2":0,"3":0,"4":0,"5":0,"6":0,"7":0,"8":0,"9":0,"10":0,"11":0,"12":0,"13":0,"14":0,"15":0},"b":{"0":[0,0],"1":[0,0],"2":[0,0],"3":[0,0],"4":[0,0],"5":[0,0],"6":[0,0],"7":[0,0],"8":[0,0],"9":[0,0]},"_coverageSchema":"1a1c01bbd47fc00a2c39e90264f33305004495a9","hash":"eea38985f5c8e77a7b6153a299fc32d3844dea3d"}
}
